[debug] [2026-06-06T18:37:15.198Z] ----------------------------------------------------------------------
[debug] [2026-06-06T18:37:15.201Z] Command:       C:\Program Files\nodejs\node.exe C:\Users\adele\Dev\playcred-landing\node_modules\firebase-tools\lib\bin\firebase.js deploy --only hosting:playcred
[debug] [2026-06-06T18:37:15.201Z] CLI Version:   14.27.0
[debug] [2026-06-06T18:37:15.201Z] Platform:      win32
[debug] [2026-06-06T18:37:15.201Z] Node Version:  v24.15.0
[debug] [2026-06-06T18:37:15.202Z] Time:          Sat Jun 06 2026 22:37:15 GMT+0400 (Gulf Standard Time)
[debug] [2026-06-06T18:37:15.202Z] ----------------------------------------------------------------------
[debug] 
[debug] [2026-06-06T18:37:15.329Z] > command requires scopes: ["email","openid","https://www.googleapis.com/auth/cloudplatformprojects.readonly","https://www.googleapis.com/auth/firebase","https://www.googleapis.com/auth/cloud-platform"]
[debug] [2026-06-06T18:37:15.330Z] > authorizing via signed-in user (adeleyeadeyemib@gmail.com)
[debug] [2026-06-06T18:37:15.330Z] [iam] checking project playcred-6e57b for permissions ["firebase.projects.get","firebasehosting.sites.update"]
[debug] [2026-06-06T18:37:15.331Z] Checked if tokens are valid: true, expires at: 1780774121239
[debug] [2026-06-06T18:37:15.331Z] Checked if tokens are valid: true, expires at: 1780774121239
[debug] [2026-06-06T18:37:15.332Z] >>> [apiv2][query] POST https://cloudresourcemanager.googleapis.com/v1/projects/playcred-6e57b:testIamPermissions [none]
[debug] [2026-06-06T18:37:15.332Z] >>> [apiv2][(partial)header] POST https://cloudresourcemanager.googleapis.com/v1/projects/playcred-6e57b:testIamPermissions x-goog-quota-user=projects/playcred-6e57b
[debug] [2026-06-06T18:37:15.332Z] >>> [apiv2][body] POST https://cloudresourcemanager.googleapis.com/v1/projects/playcred-6e57b:testIamPermissions {"permissions":["firebase.projects.get","firebasehosting.sites.update"]}
[debug] [2026-06-06T18:37:16.033Z] <<< [apiv2][status] POST https://cloudresourcemanager.googleapis.com/v1/projects/playcred-6e57b:testIamPermissions 200
[debug] [2026-06-06T18:37:16.034Z] <<< [apiv2][body] POST https://cloudresourcemanager.googleapis.com/v1/projects/playcred-6e57b:testIamPermissions {"permissions":["firebase.projects.get","firebasehosting.sites.update"]}
[debug] [2026-06-06T18:37:16.034Z] Checked if tokens are valid: true, expires at: 1780774121239
[debug] [2026-06-06T18:37:16.034Z] Checked if tokens are valid: true, expires at: 1780774121239
[debug] [2026-06-06T18:37:16.034Z] >>> [apiv2][query] GET https://firebase.googleapis.com/v1beta1/projects/playcred-6e57b [none]
[debug] [2026-06-06T18:37:16.599Z] <<< [apiv2][status] GET https://firebase.googleapis.com/v1beta1/projects/playcred-6e57b 200
[debug] [2026-06-06T18:37:16.599Z] <<< [apiv2][body] GET https://firebase.googleapis.com/v1beta1/projects/playcred-6e57b {"projectId":"playcred-6e57b","projectNumber":"370615590881","displayName":"playcred","name":"projects/playcred-6e57b","resources":{"hostingSite":"playcred-6e57b"},"state":"ACTIVE","etag":"1_9064833e-df69-4924-a2d2-34177e20de7d"}
[info] 
[info] === Deploying to 'playcred-6e57b'...
[info] 
[info] i  deploying hosting 
[debug] [2026-06-06T18:37:16.603Z] Checked if tokens are valid: true, expires at: 1780774121239
[debug] [2026-06-06T18:37:16.604Z] Checked if tokens are valid: true, expires at: 1780774121239
[debug] [2026-06-06T18:37:16.604Z] >>> [apiv2][query] POST https://firebasehosting.googleapis.com/v1beta1/projects/-/sites/playcred/versions [none]
[debug] [2026-06-06T18:37:16.604Z] >>> [apiv2][body] POST https://firebasehosting.googleapis.com/v1beta1/projects/-/sites/playcred/versions {"status":"CREATED","labels":{"deployment-tool":"cli-firebase"}}
